<?xml version="1.0" encoding="UTF-8"?>
<!-- Generated by org.testng.reporters.JUnitReportReporter -->
<testsuite skipped="0" hostname="admin" name="test.Runner1" tests="1" failures="0" timestamp="2023-03-09T19:49:46 IST" time="6.316" errors="0">
  <testcase name="runScenario" time="6.316" classname="test.Runner1"/>
  <system-out/>
</testsuite> <!-- test.Runner1 -->
